  [1m[36m (1.1ms)[0m  [1mCREATE TABLE "schema_migrations" ("version" varchar(255) NOT NULL) [0m
  [1m[35m (0.9ms)[0m  CREATE UNIQUE INDEX "unique_schema_migrations" ON "schema_migrations" ("version")
  [1m[36mActiveRecord::SchemaMigration Load (0.2ms)[0m  [1mSELECT "schema_migrations".* FROM "schema_migrations"[0m
Migrating to CreateProducts (20140806012007)
  [1m[35m (0.1ms)[0m  begin transaction
  [1m[36m (0.4ms)[0m  [1mCREATE TABLE "products" ("id" INTEGER PRIMARY KEY AUTOINCREMENT NOT NULL, "title" varchar(255), "description" text, "image_url" varchar(255), "price" decimal, "created_at" datetime, "updated_at" datetime) [0m
  [1m[35mSQL (0.2ms)[0m  INSERT INTO "schema_migrations" ("version") VALUES (?)  [["version", "20140806012007"]]
  [1m[36m (0.9ms)[0m  [1mcommit transaction[0m
  [1m[35mActiveRecord::SchemaMigration Load (0.1ms)[0m  SELECT "schema_migrations".* FROM "schema_migrations"


Started GET "/" for 127.0.0.1 at 2014-08-05 18:23:29 -0700
  [1m[36mActiveRecord::SchemaMigration Load (0.1ms)[0m  [1mSELECT "schema_migrations".* FROM "schema_migrations"[0m
Processing by Rails::WelcomeController#index as HTML
  Rendered /Users/zhichengwei/.rvm/gems/ruby-2.1.2/gems/railties-4.0.1/lib/rails/templates/rails/welcome/index.html.erb (2.6ms)
Completed 200 OK in 23ms (Views: 11.1ms | ActiveRecord: 0.0ms)


Started GET "/" for 127.0.0.1 at 2014-08-05 18:23:43 -0700
Processing by Rails::WelcomeController#index as HTML
  Rendered /Users/zhichengwei/.rvm/gems/ruby-2.1.2/gems/railties-4.0.1/lib/rails/templates/rails/welcome/index.html.erb (0.1ms)
Completed 200 OK in 4ms (Views: 3.2ms | ActiveRecord: 0.0ms)


Started GET "/" for 127.0.0.1 at 2014-08-05 18:23:43 -0700
Processing by Rails::WelcomeController#index as HTML
  Rendered /Users/zhichengwei/.rvm/gems/ruby-2.1.2/gems/railties-4.0.1/lib/rails/templates/rails/welcome/index.html.erb (0.0ms)
Completed 200 OK in 2ms (Views: 1.3ms | ActiveRecord: 0.0ms)


Started GET "/productions/1" for 127.0.0.1 at 2014-08-05 18:23:45 -0700

ActionController::RoutingError (No route matches [GET] "/productions/1"):
  actionpack (4.0.1) lib/action_dispatch/middleware/debug_exceptions.rb:21:in `call'
  actionpack (4.0.1) lib/action_dispatch/middleware/show_exceptions.rb:30:in `call'
  railties (4.0.1) lib/rails/rack/logger.rb:38:in `call_app'
  railties (4.0.1) lib/rails/rack/logger.rb:20:in `block in call'
  activesupport (4.0.1) lib/active_support/tagged_logging.rb:67:in `block in tagged'
  activesupport (4.0.1) lib/active_support/tagged_logging.rb:25:in `tagged'
  activesupport (4.0.1) lib/active_support/tagged_logging.rb:67:in `tagged'
  railties (4.0.1) lib/rails/rack/logger.rb:20:in `call'
  actionpack (4.0.1) lib/action_dispatch/middleware/request_id.rb:21:in `call'
  rack (1.5.2) lib/rack/methodoverride.rb:21:in `call'
  rack (1.5.2) lib/rack/runtime.rb:17:in `call'
  activesupport (4.0.1) lib/active_support/cache/strategy/local_cache.rb:83:in `call'
  rack (1.5.2) lib/rack/lock.rb:17:in `call'
  actionpack (4.0.1) lib/action_dispatch/middleware/static.rb:64:in `call'
  rack (1.5.2) lib/rack/sendfile.rb:112:in `call'
  railties (4.0.1) lib/rails/engine.rb:511:in `call'
  railties (4.0.1) lib/rails/application.rb:97:in `call'
  rack (1.5.2) lib/rack/lock.rb:17:in `call'
  rack (1.5.2) lib/rack/content_length.rb:14:in `call'
  rack (1.5.2) lib/rack/handler/webrick.rb:60:in `service'
  /Users/zhichengwei/.rvm/rubies/ruby-2.1.2/lib/ruby/2.1.0/webrick/httpserver.rb:138:in `service'
  /Users/zhichengwei/.rvm/rubies/ruby-2.1.2/lib/ruby/2.1.0/webrick/httpserver.rb:94:in `run'
  /Users/zhichengwei/.rvm/rubies/ruby-2.1.2/lib/ruby/2.1.0/webrick/server.rb:295:in `block in start_thread'


  Rendered /Users/zhichengwei/.rvm/gems/ruby-2.1.2/gems/actionpack-4.0.1/lib/action_dispatch/middleware/templates/rescues/_trace.erb (1.3ms)
  Rendered /Users/zhichengwei/.rvm/gems/ruby-2.1.2/gems/actionpack-4.0.1/lib/action_dispatch/middleware/templates/routes/_route.html.erb (1.8ms)
  Rendered /Users/zhichengwei/.rvm/gems/ruby-2.1.2/gems/actionpack-4.0.1/lib/action_dispatch/middleware/templates/routes/_table.html.erb (13.3ms)
  Rendered /Users/zhichengwei/.rvm/gems/ruby-2.1.2/gems/actionpack-4.0.1/lib/action_dispatch/middleware/templates/rescues/routing_error.erb within rescues/layout (42.4ms)


Started GET "/productions" for 127.0.0.1 at 2014-08-05 18:23:57 -0700

ActionController::RoutingError (No route matches [GET] "/productions"):
  actionpack (4.0.1) lib/action_dispatch/middleware/debug_exceptions.rb:21:in `call'
  actionpack (4.0.1) lib/action_dispatch/middleware/show_exceptions.rb:30:in `call'
  railties (4.0.1) lib/rails/rack/logger.rb:38:in `call_app'
  railties (4.0.1) lib/rails/rack/logger.rb:20:in `block in call'
  activesupport (4.0.1) lib/active_support/tagged_logging.rb:67:in `block in tagged'
  activesupport (4.0.1) lib/active_support/tagged_logging.rb:25:in `tagged'
  activesupport (4.0.1) lib/active_support/tagged_logging.rb:67:in `tagged'
  railties (4.0.1) lib/rails/rack/logger.rb:20:in `call'
  actionpack (4.0.1) lib/action_dispatch/middleware/request_id.rb:21:in `call'
  rack (1.5.2) lib/rack/methodoverride.rb:21:in `call'
  rack (1.5.2) lib/rack/runtime.rb:17:in `call'
  activesupport (4.0.1) lib/active_support/cache/strategy/local_cache.rb:83:in `call'
  rack (1.5.2) lib/rack/lock.rb:17:in `call'
  actionpack (4.0.1) lib/action_dispatch/middleware/static.rb:64:in `call'
  rack (1.5.2) lib/rack/sendfile.rb:112:in `call'
  railties (4.0.1) lib/rails/engine.rb:511:in `call'
  railties (4.0.1) lib/rails/application.rb:97:in `call'
  rack (1.5.2) lib/rack/lock.rb:17:in `call'
  rack (1.5.2) lib/rack/content_length.rb:14:in `call'
  rack (1.5.2) lib/rack/handler/webrick.rb:60:in `service'
  /Users/zhichengwei/.rvm/rubies/ruby-2.1.2/lib/ruby/2.1.0/webrick/httpserver.rb:138:in `service'
  /Users/zhichengwei/.rvm/rubies/ruby-2.1.2/lib/ruby/2.1.0/webrick/httpserver.rb:94:in `run'
  /Users/zhichengwei/.rvm/rubies/ruby-2.1.2/lib/ruby/2.1.0/webrick/server.rb:295:in `block in start_thread'


  Rendered /Users/zhichengwei/.rvm/gems/ruby-2.1.2/gems/actionpack-4.0.1/lib/action_dispatch/middleware/templates/rescues/_trace.erb (0.9ms)
  Rendered /Users/zhichengwei/.rvm/gems/ruby-2.1.2/gems/actionpack-4.0.1/lib/action_dispatch/middleware/templates/routes/_route.html.erb (0.9ms)
  Rendered /Users/zhichengwei/.rvm/gems/ruby-2.1.2/gems/actionpack-4.0.1/lib/action_dispatch/middleware/templates/routes/_table.html.erb (0.9ms)
  Rendered /Users/zhichengwei/.rvm/gems/ruby-2.1.2/gems/actionpack-4.0.1/lib/action_dispatch/middleware/templates/rescues/routing_error.erb within rescues/layout (14.9ms)


Started GET "/productions/1" for 127.0.0.1 at 2014-08-05 18:23:57 -0700

ActionController::RoutingError (No route matches [GET] "/productions/1"):
  actionpack (4.0.1) lib/action_dispatch/middleware/debug_exceptions.rb:21:in `call'
  actionpack (4.0.1) lib/action_dispatch/middleware/show_exceptions.rb:30:in `call'
  railties (4.0.1) lib/rails/rack/logger.rb:38:in `call_app'
  railties (4.0.1) lib/rails/rack/logger.rb:20:in `block in call'
  activesupport (4.0.1) lib/active_support/tagged_logging.rb:67:in `block in tagged'
  activesupport (4.0.1) lib/active_support/tagged_logging.rb:25:in `tagged'
  activesupport (4.0.1) lib/active_support/tagged_logging.rb:67:in `tagged'
  railties (4.0.1) lib/rails/rack/logger.rb:20:in `call'
  actionpack (4.0.1) lib/action_dispatch/middleware/request_id.rb:21:in `call'
  rack (1.5.2) lib/rack/methodoverride.rb:21:in `call'
  rack (1.5.2) lib/rack/runtime.rb:17:in `call'
  activesupport (4.0.1) lib/active_support/cache/strategy/local_cache.rb:83:in `call'
  rack (1.5.2) lib/rack/lock.rb:17:in `call'
  actionpack (4.0.1) lib/action_dispatch/middleware/static.rb:64:in `call'
  rack (1.5.2) lib/rack/sendfile.rb:112:in `call'
  railties (4.0.1) lib/rails/engine.rb:511:in `call'
  railties (4.0.1) lib/rails/application.rb:97:in `call'
  rack (1.5.2) lib/rack/lock.rb:17:in `call'
  rack (1.5.2) lib/rack/content_length.rb:14:in `call'
  rack (1.5.2) lib/rack/handler/webrick.rb:60:in `service'
  /Users/zhichengwei/.rvm/rubies/ruby-2.1.2/lib/ruby/2.1.0/webrick/httpserver.rb:138:in `service'
  /Users/zhichengwei/.rvm/rubies/ruby-2.1.2/lib/ruby/2.1.0/webrick/httpserver.rb:94:in `run'
  /Users/zhichengwei/.rvm/rubies/ruby-2.1.2/lib/ruby/2.1.0/webrick/server.rb:295:in `block in start_thread'


  Rendered /Users/zhichengwei/.rvm/gems/ruby-2.1.2/gems/actionpack-4.0.1/lib/action_dispatch/middleware/templates/rescues/_trace.erb (1.1ms)
  Rendered /Users/zhichengwei/.rvm/gems/ruby-2.1.2/gems/actionpack-4.0.1/lib/action_dispatch/middleware/templates/routes/_route.html.erb (1.2ms)
  Rendered /Users/zhichengwei/.rvm/gems/ruby-2.1.2/gems/actionpack-4.0.1/lib/action_dispatch/middleware/templates/routes/_table.html.erb (1.1ms)
  Rendered /Users/zhichengwei/.rvm/gems/ruby-2.1.2/gems/actionpack-4.0.1/lib/action_dispatch/middleware/templates/rescues/routing_error.erb within rescues/layout (17.4ms)


Started GET "/product" for 127.0.0.1 at 2014-08-05 18:23:59 -0700

ActionController::RoutingError (No route matches [GET] "/product"):
  actionpack (4.0.1) lib/action_dispatch/middleware/debug_exceptions.rb:21:in `call'
  actionpack (4.0.1) lib/action_dispatch/middleware/show_exceptions.rb:30:in `call'
  railties (4.0.1) lib/rails/rack/logger.rb:38:in `call_app'
  railties (4.0.1) lib/rails/rack/logger.rb:20:in `block in call'
  activesupport (4.0.1) lib/active_support/tagged_logging.rb:67:in `block in tagged'
  activesupport (4.0.1) lib/active_support/tagged_logging.rb:25:in `tagged'
  activesupport (4.0.1) lib/active_support/tagged_logging.rb:67:in `tagged'
  railties (4.0.1) lib/rails/rack/logger.rb:20:in `call'
  actionpack (4.0.1) lib/action_dispatch/middleware/request_id.rb:21:in `call'
  rack (1.5.2) lib/rack/methodoverride.rb:21:in `call'
  rack (1.5.2) lib/rack/runtime.rb:17:in `call'
  activesupport (4.0.1) lib/active_support/cache/strategy/local_cache.rb:83:in `call'
  rack (1.5.2) lib/rack/lock.rb:17:in `call'
  actionpack (4.0.1) lib/action_dispatch/middleware/static.rb:64:in `call'
  rack (1.5.2) lib/rack/sendfile.rb:112:in `call'
  railties (4.0.1) lib/rails/engine.rb:511:in `call'
  railties (4.0.1) lib/rails/application.rb:97:in `call'
  rack (1.5.2) lib/rack/lock.rb:17:in `call'
  rack (1.5.2) lib/rack/content_length.rb:14:in `call'
  rack (1.5.2) lib/rack/handler/webrick.rb:60:in `service'
  /Users/zhichengwei/.rvm/rubies/ruby-2.1.2/lib/ruby/2.1.0/webrick/httpserver.rb:138:in `service'
  /Users/zhichengwei/.rvm/rubies/ruby-2.1.2/lib/ruby/2.1.0/webrick/httpserver.rb:94:in `run'
  /Users/zhichengwei/.rvm/rubies/ruby-2.1.2/lib/ruby/2.1.0/webrick/server.rb:295:in `block in start_thread'


  Rendered /Users/zhichengwei/.rvm/gems/ruby-2.1.2/gems/actionpack-4.0.1/lib/action_dispatch/middleware/templates/rescues/_trace.erb (0.8ms)
  Rendered /Users/zhichengwei/.rvm/gems/ruby-2.1.2/gems/actionpack-4.0.1/lib/action_dispatch/middleware/templates/routes/_route.html.erb (0.9ms)
  Rendered /Users/zhichengwei/.rvm/gems/ruby-2.1.2/gems/actionpack-4.0.1/lib/action_dispatch/middleware/templates/routes/_table.html.erb (1.0ms)
  Rendered /Users/zhichengwei/.rvm/gems/ruby-2.1.2/gems/actionpack-4.0.1/lib/action_dispatch/middleware/templates/rescues/routing_error.erb within rescues/layout (15.0ms)


Started GET "/products" for 127.0.0.1 at 2014-08-05 18:24:26 -0700
Processing by ProductsController#index as HTML
  [1m[35mProduct Load (0.2ms)[0m  SELECT "products".* FROM "products"
  Rendered products/index.html.erb within layouts/application (2.0ms)
Completed 200 OK in 839ms (Views: 835.2ms | ActiveRecord: 0.2ms)


Started GET "/assets/application.css?body=1" for 127.0.0.1 at 2014-08-05 18:24:27 -0700


Started GET "/assets/products.css?body=1" for 127.0.0.1 at 2014-08-05 18:24:27 -0700


Started GET "/assets/scaffolds.css?body=1" for 127.0.0.1 at 2014-08-05 18:24:27 -0700


Started GET "/assets/products.js?body=1" for 127.0.0.1 at 2014-08-05 18:24:27 -0700


Started GET "/assets/jquery.js?body=1" for 127.0.0.1 at 2014-08-05 18:24:27 -0700


Started GET "/assets/turbolinks.js?body=1" for 127.0.0.1 at 2014-08-05 18:24:27 -0700


Started GET "/assets/application.js?body=1" for 127.0.0.1 at 2014-08-05 18:24:27 -0700


Started GET "/assets/jquery_ujs.js?body=1" for 127.0.0.1 at 2014-08-05 18:24:27 -0700


Started GET "/products/new" for 127.0.0.1 at 2014-08-05 18:24:30 -0700
Processing by ProductsController#new as HTML
  Rendered products/_form.html.erb (30.4ms)
  Rendered products/new.html.erb within layouts/application (31.8ms)
Completed 200 OK in 39ms (Views: 37.4ms | ActiveRecord: 0.5ms)


Started POST "/products" for 127.0.0.1 at 2014-08-05 18:24:49 -0700
Processing by ProductsController#create as HTML
  Parameters: {"utf8"=>"✓", "authenticity_token"=>"FPOUUi5djVfwW7jDmjpR1Ms4OLMsvTXcfdoOsCGLrjI=", "product"=>{"title"=>"ruby", "description"=>"good", "image_url"=>"www.hh.com", "price"=>"11"}, "commit"=>"Create Product"}
  [1m[36m (0.1ms)[0m  [1mbegin transaction[0m
  [1m[35mSQL (6.2ms)[0m  INSERT INTO "products" ("created_at", "description", "image_url", "price", "title", "updated_at") VALUES (?, ?, ?, ?, ?, ?)  [["created_at", Wed, 06 Aug 2014 01:24:49 UTC +00:00], ["description", "good"], ["image_url", "www.hh.com"], ["price", #<BigDecimal:7fb24f89c908,'0.11E2',9(18)>], ["title", "ruby"], ["updated_at", Wed, 06 Aug 2014 01:24:49 UTC +00:00]]
  [1m[36m (0.7ms)[0m  [1mcommit transaction[0m
Redirected to http://localhost:3000/products/1
Completed 302 Found in 12ms (ActiveRecord: 6.9ms)


Started GET "/products/1" for 127.0.0.1 at 2014-08-05 18:24:49 -0700
Processing by ProductsController#show as HTML
  Parameters: {"id"=>"1"}
  [1m[35mProduct Load (0.3ms)[0m  SELECT "products".* FROM "products" WHERE "products"."id" = ? LIMIT 1  [["id", "1"]]
  Rendered products/show.html.erb within layouts/application (1.7ms)
Completed 200 OK in 10ms (Views: 6.6ms | ActiveRecord: 0.3ms)


Started GET "/products" for 127.0.0.1 at 2014-08-05 18:24:56 -0700
Processing by ProductsController#index as HTML
  [1m[36mProduct Load (0.2ms)[0m  [1mSELECT "products".* FROM "products"[0m
  Rendered products/index.html.erb within layouts/application (2.5ms)
Completed 200 OK in 8ms (Views: 6.6ms | ActiveRecord: 0.2ms)
  [1m[36mActiveRecord::SchemaMigration Load (0.1ms)[0m  [1mSELECT "schema_migrations".* FROM "schema_migrations"[0m
  [1m[36mActiveRecord::SchemaMigration Load (0.1ms)[0m  [1mSELECT "schema_migrations".* FROM "schema_migrations"[0m
  [1m[36mActiveRecord::SchemaMigration Load (0.1ms)[0m  [1mSELECT "schema_migrations".* FROM "schema_migrations"[0m
  [1m[36m (7.5ms)[0m  [1mCREATE TABLE "schema_migrations" ("version" character varying(255) NOT NULL) [0m
  [1m[35m (3.6ms)[0m  CREATE UNIQUE INDEX "unique_schema_migrations" ON "schema_migrations" ("version")
  [1m[36mActiveRecord::SchemaMigration Load (0.5ms)[0m  [1mSELECT "schema_migrations".* FROM "schema_migrations"[0m
Migrating to CreateProducts (20140806012007)
  [1m[35m (0.2ms)[0m  BEGIN
  [1m[36m (9.8ms)[0m  [1mCREATE TABLE "products" ("id" serial primary key, "title" character varying(255), "description" text, "image_url" character varying(255), "price" decimal, "created_at" timestamp, "updated_at" timestamp) [0m
  [1m[35mSQL (0.9ms)[0m  INSERT INTO "schema_migrations" ("version") VALUES ($1)  [["version", "20140806012007"]]
  [1m[36m (0.5ms)[0m  [1mCOMMIT[0m
  [1m[35mActiveRecord::SchemaMigration Load (0.4ms)[0m  SELECT "schema_migrations".* FROM "schema_migrations"
  [1m[36mActiveRecord::SchemaMigration Load (0.5ms)[0m  [1mSELECT "schema_migrations".* FROM "schema_migrations"[0m


Started GET "/" for 127.0.0.1 at 2014-08-05 20:32:43 -0700
  [1m[36mActiveRecord::SchemaMigration Load (0.5ms)[0m  [1mSELECT "schema_migrations".* FROM "schema_migrations"[0m
Processing by Rails::WelcomeController#index as HTML
  Rendered /Users/zhichengwei/.rvm/gems/ruby-2.1.2/gems/railties-4.0.1/lib/rails/templates/rails/welcome/index.html.erb (1.8ms)
Completed 200 OK in 22ms (Views: 9.4ms | ActiveRecord: 0.0ms)


Started GET "/products/1" for 127.0.0.1 at 2014-08-05 20:32:47 -0700
Processing by ProductsController#show as HTML
  Parameters: {"id"=>"1"}
  [1m[35mProduct Load (1.2ms)[0m  SELECT "products".* FROM "products" WHERE "products"."id" = $1 LIMIT 1  [["id", "1"]]
Completed 404 Not Found in 8ms

ActiveRecord::RecordNotFound (Couldn't find Product with id=1):
  app/controllers/products_controller.rb:67:in `set_product'


  Rendered /Users/zhichengwei/.rvm/gems/ruby-2.1.2/gems/actionpack-4.0.1/lib/action_dispatch/middleware/templates/rescues/_source.erb (0.9ms)
  Rendered /Users/zhichengwei/.rvm/gems/ruby-2.1.2/gems/actionpack-4.0.1/lib/action_dispatch/middleware/templates/rescues/_trace.erb (1.2ms)
  Rendered /Users/zhichengwei/.rvm/gems/ruby-2.1.2/gems/actionpack-4.0.1/lib/action_dispatch/middleware/templates/rescues/_request_and_response.erb (0.9ms)
  Rendered /Users/zhichengwei/.rvm/gems/ruby-2.1.2/gems/actionpack-4.0.1/lib/action_dispatch/middleware/templates/rescues/diagnostics.erb within rescues/layout (21.9ms)


Started GET "/product" for 127.0.0.1 at 2014-08-05 20:32:49 -0700

ActionController::RoutingError (No route matches [GET] "/product"):
  actionpack (4.0.1) lib/action_dispatch/middleware/debug_exceptions.rb:21:in `call'
  actionpack (4.0.1) lib/action_dispatch/middleware/show_exceptions.rb:30:in `call'
  railties (4.0.1) lib/rails/rack/logger.rb:38:in `call_app'
  railties (4.0.1) lib/rails/rack/logger.rb:20:in `block in call'
  activesupport (4.0.1) lib/active_support/tagged_logging.rb:67:in `block in tagged'
  activesupport (4.0.1) lib/active_support/tagged_logging.rb:25:in `tagged'
  activesupport (4.0.1) lib/active_support/tagged_logging.rb:67:in `tagged'
  railties (4.0.1) lib/rails/rack/logger.rb:20:in `call'
  actionpack (4.0.1) lib/action_dispatch/middleware/request_id.rb:21:in `call'
  rack (1.5.2) lib/rack/methodoverride.rb:21:in `call'
  rack (1.5.2) lib/rack/runtime.rb:17:in `call'
  activesupport (4.0.1) lib/active_support/cache/strategy/local_cache.rb:83:in `call'
  rack (1.5.2) lib/rack/lock.rb:17:in `call'
  actionpack (4.0.1) lib/action_dispatch/middleware/static.rb:64:in `call'
  rack (1.5.2) lib/rack/sendfile.rb:112:in `call'
  railties (4.0.1) lib/rails/engine.rb:511:in `call'
  railties (4.0.1) lib/rails/application.rb:97:in `call'
  rack (1.5.2) lib/rack/lock.rb:17:in `call'
  rack (1.5.2) lib/rack/content_length.rb:14:in `call'
  rack (1.5.2) lib/rack/handler/webrick.rb:60:in `service'
  /Users/zhichengwei/.rvm/rubies/ruby-2.1.2/lib/ruby/2.1.0/webrick/httpserver.rb:138:in `service'
  /Users/zhichengwei/.rvm/rubies/ruby-2.1.2/lib/ruby/2.1.0/webrick/httpserver.rb:94:in `run'
  /Users/zhichengwei/.rvm/rubies/ruby-2.1.2/lib/ruby/2.1.0/webrick/server.rb:295:in `block in start_thread'


  Rendered /Users/zhichengwei/.rvm/gems/ruby-2.1.2/gems/actionpack-4.0.1/lib/action_dispatch/middleware/templates/rescues/_trace.erb (0.9ms)
  Rendered /Users/zhichengwei/.rvm/gems/ruby-2.1.2/gems/actionpack-4.0.1/lib/action_dispatch/middleware/templates/routes/_route.html.erb (1.0ms)
  Rendered /Users/zhichengwei/.rvm/gems/ruby-2.1.2/gems/actionpack-4.0.1/lib/action_dispatch/middleware/templates/routes/_table.html.erb (4.8ms)
  Rendered /Users/zhichengwei/.rvm/gems/ruby-2.1.2/gems/actionpack-4.0.1/lib/action_dispatch/middleware/templates/rescues/routing_error.erb within rescues/layout (30.7ms)


Started GET "/products" for 127.0.0.1 at 2014-08-05 20:32:56 -0700
Processing by ProductsController#index as HTML
  [1m[36mProduct Load (0.4ms)[0m  [1mSELECT "products".* FROM "products"[0m
  Rendered products/index.html.erb within layouts/application (2.3ms)
Completed 200 OK in 50ms (Views: 49.2ms | ActiveRecord: 0.4ms)


Started GET "/assets/products.css?body=1" for 127.0.0.1 at 2014-08-05 20:32:56 -0700


Started GET "/assets/jquery_ujs.js?body=1" for 127.0.0.1 at 2014-08-05 20:32:56 -0700


Started GET "/assets/products.js?body=1" for 127.0.0.1 at 2014-08-05 20:32:56 -0700


Started GET "/assets/turbolinks.js?body=1" for 127.0.0.1 at 2014-08-05 20:32:56 -0700


Started GET "/assets/application.css?body=1" for 127.0.0.1 at 2014-08-05 20:32:56 -0700


Started GET "/assets/application.js?body=1" for 127.0.0.1 at 2014-08-05 20:32:56 -0700


Started GET "/assets/jquery.js?body=1" for 127.0.0.1 at 2014-08-05 20:32:56 -0700


Started GET "/assets/scaffolds.css?body=1" for 127.0.0.1 at 2014-08-05 20:32:56 -0700


Started GET "/products/new" for 127.0.0.1 at 2014-08-05 20:33:05 -0700
Processing by ProductsController#new as HTML
  Rendered products/_form.html.erb (26.6ms)
  Rendered products/new.html.erb within layouts/application (28.1ms)
Completed 200 OK in 35ms (Views: 33.6ms | ActiveRecord: 0.0ms)


Started POST "/products" for 127.0.0.1 at 2014-08-05 20:33:28 -0700
Processing by ProductsController#create as HTML
  Parameters: {"utf8"=>"✓", "authenticity_token"=>"FPOUUi5djVfwW7jDmjpR1Ms4OLMsvTXcfdoOsCGLrjI=", "product"=>{"title"=>"ruby ", "description"=>"good", "image_url"=>"www.hh.com", "price"=>"44"}, "commit"=>"Create Product"}
  [1m[35m (0.2ms)[0m  BEGIN
  [1m[36mSQL (6.4ms)[0m  [1mINSERT INTO "products" ("created_at", "description", "image_url", "price", "title", "updated_at") VALUES ($1, $2, $3, $4, $5, $6) RETURNING "id"[0m  [["created_at", Wed, 06 Aug 2014 03:33:28 UTC +00:00], ["description", "good"], ["image_url", "www.hh.com"], ["price", #<BigDecimal:7f8bb51717e8,'0.44E2',9(18)>], ["title", "ruby "], ["updated_at", Wed, 06 Aug 2014 03:33:28 UTC +00:00]]
  [1m[35m (0.5ms)[0m  COMMIT
Redirected to http://localhost:3000/products/1
Completed 302 Found in 12ms (ActiveRecord: 7.1ms)


Started GET "/products/1" for 127.0.0.1 at 2014-08-05 20:33:28 -0700
Processing by ProductsController#show as HTML
  Parameters: {"id"=>"1"}
  [1m[36mProduct Load (0.6ms)[0m  [1mSELECT "products".* FROM "products" WHERE "products"."id" = $1 LIMIT 1[0m  [["id", "1"]]
  Rendered products/show.html.erb within layouts/application (0.9ms)
Completed 200 OK in 7ms (Views: 4.7ms | ActiveRecord: 0.6ms)


Started GET "/assets/application.css?body=1" for 127.0.0.1 at 2014-08-05 20:33:28 -0700


Started GET "/assets/jquery.js?body=1" for 127.0.0.1 at 2014-08-05 20:33:28 -0700


Started GET "/assets/application.js?body=1" for 127.0.0.1 at 2014-08-05 20:33:28 -0700


Started GET "/assets/turbolinks.js?body=1" for 127.0.0.1 at 2014-08-05 20:33:28 -0700


Started GET "/assets/jquery_ujs.js?body=1" for 127.0.0.1 at 2014-08-05 20:33:28 -0700


Started GET "/assets/scaffolds.css?body=1" for 127.0.0.1 at 2014-08-05 20:33:28 -0700


Started GET "/assets/products.js?body=1" for 127.0.0.1 at 2014-08-05 20:33:28 -0700


Started GET "/products" for 127.0.0.1 at 2014-08-05 20:33:33 -0700
Processing by ProductsController#index as HTML
  [1m[35mProduct Load (0.9ms)[0m  SELECT "products".* FROM "products"
  Rendered products/index.html.erb within layouts/application (3.0ms)
Completed 200 OK in 9ms (Views: 7.1ms | ActiveRecord: 0.9ms)


Started GET "/products/new" for 127.0.0.1 at 2014-08-05 20:33:35 -0700
Processing by ProductsController#new as HTML
  Rendered products/_form.html.erb (3.7ms)
  Rendered products/new.html.erb within layouts/application (4.7ms)
Completed 200 OK in 11ms (Views: 10.0ms | ActiveRecord: 0.0ms)


Started POST "/products" for 127.0.0.1 at 2014-08-05 20:34:33 -0700
Processing by ProductsController#create as HTML
  Parameters: {"utf8"=>"✓", "authenticity_token"=>"FPOUUi5djVfwW7jDmjpR1Ms4OLMsvTXcfdoOsCGLrjI=", "product"=>{"title"=>"java", "description"=>"ok,some time it is hard to find a good way to have passion to study java", "image_url"=>"www.heark.com", "price"=>"33"}, "commit"=>"Create Product"}
  [1m[36m (0.2ms)[0m  [1mBEGIN[0m
  [1m[35mSQL (0.5ms)[0m  INSERT INTO "products" ("created_at", "description", "image_url", "price", "title", "updated_at") VALUES ($1, $2, $3, $4, $5, $6) RETURNING "id"  [["created_at", Wed, 06 Aug 2014 03:34:33 UTC +00:00], ["description", "ok,some time it is hard to find a good way to have passion to study java"], ["image_url", "www.heark.com"], ["price", #<BigDecimal:7f8bb22d97a0,'0.33E2',9(18)>], ["title", "java"], ["updated_at", Wed, 06 Aug 2014 03:34:33 UTC +00:00]]
  [1m[36m (8.6ms)[0m  [1mCOMMIT[0m
Redirected to http://localhost:3000/products/2
Completed 302 Found in 13ms (ActiveRecord: 9.3ms)


Started GET "/products/2" for 127.0.0.1 at 2014-08-05 20:34:33 -0700
Processing by ProductsController#show as HTML
  Parameters: {"id"=>"2"}
  [1m[35mProduct Load (0.4ms)[0m  SELECT "products".* FROM "products" WHERE "products"."id" = $1 LIMIT 1  [["id", "2"]]
  Rendered products/show.html.erb within layouts/application (0.4ms)
Completed 200 OK in 6ms (Views: 4.0ms | ActiveRecord: 0.4ms)


Started GET "/assets/application.css?body=1" for 127.0.0.1 at 2014-08-05 20:34:33 -0700


Started GET "/assets/scaffolds.css?body=1" for 127.0.0.1 at 2014-08-05 20:34:33 -0700


Started GET "/assets/jquery_ujs.js?body=1" for 127.0.0.1 at 2014-08-05 20:34:33 -0700


Started GET "/assets/application.js?body=1" for 127.0.0.1 at 2014-08-05 20:34:33 -0700


Started GET "/assets/turbolinks.js?body=1" for 127.0.0.1 at 2014-08-05 20:34:33 -0700


Started GET "/assets/jquery.js?body=1" for 127.0.0.1 at 2014-08-05 20:34:33 -0700


Started GET "/assets/products.js?body=1" for 127.0.0.1 at 2014-08-05 20:34:33 -0700


Started GET "/products" for 127.0.0.1 at 2014-08-05 20:34:34 -0700
Processing by ProductsController#index as HTML
  [1m[36mProduct Load (0.5ms)[0m  [1mSELECT "products".* FROM "products"[0m
  Rendered products/index.html.erb within layouts/application (2.3ms)
Completed 200 OK in 7ms (Views: 5.7ms | ActiveRecord: 0.5ms)


Started GET "/products/new" for 127.0.0.1 at 2014-08-05 20:34:43 -0700
Processing by ProductsController#new as HTML
  Rendered products/_form.html.erb (2.4ms)
  Rendered products/new.html.erb within layouts/application (3.3ms)
Completed 200 OK in 12ms (Views: 11.8ms | ActiveRecord: 0.0ms)


Started POST "/products" for 127.0.0.1 at 2014-08-05 20:37:09 -0700
Processing by ProductsController#create as HTML
  Parameters: {"utf8"=>"✓", "authenticity_token"=>"FPOUUi5djVfwW7jDmjpR1Ms4OLMsvTXcfdoOsCGLrjI=", "product"=>{"title"=>"zhicheng_wei", "description"=>"this is a book that tell whole story about a great man, zhicheng wei, you can not image how strong he is , he would like to do everything for his girl, cheng.who is his love .", "image_url"=>"www.ffedef.com", "price"=>"67"}, "commit"=>"Create Product"}
  [1m[35m (0.2ms)[0m  BEGIN
  [1m[36mSQL (0.5ms)[0m  [1mINSERT INTO "products" ("created_at", "description", "image_url", "price", "title", "updated_at") VALUES ($1, $2, $3, $4, $5, $6) RETURNING "id"[0m  [["created_at", Wed, 06 Aug 2014 03:37:09 UTC +00:00], ["description", "this is a book that tell whole story about a great man, zhicheng wei, you can not image how strong he is , he would like to do everything for his girl, cheng.who is his love ."], ["image_url", "www.ffedef.com"], ["price", #<BigDecimal:7f8bb5382ac8,'0.67E2',9(18)>], ["title", "zhicheng_wei"], ["updated_at", Wed, 06 Aug 2014 03:37:09 UTC +00:00]]
  [1m[35m (1.7ms)[0m  COMMIT
Redirected to http://localhost:3000/products/3
Completed 302 Found in 6ms (ActiveRecord: 2.4ms)


Started GET "/products/3" for 127.0.0.1 at 2014-08-05 20:37:09 -0700
Processing by ProductsController#show as HTML
  Parameters: {"id"=>"3"}
  [1m[36mProduct Load (0.4ms)[0m  [1mSELECT "products".* FROM "products" WHERE "products"."id" = $1 LIMIT 1[0m  [["id", "3"]]
  Rendered products/show.html.erb within layouts/application (0.5ms)
Completed 200 OK in 6ms (Views: 4.3ms | ActiveRecord: 0.4ms)


Started GET "/assets/application.css?body=1" for 127.0.0.1 at 2014-08-05 20:37:09 -0700


Started GET "/assets/products.js?body=1" for 127.0.0.1 at 2014-08-05 20:37:09 -0700


Started GET "/assets/jquery_ujs.js?body=1" for 127.0.0.1 at 2014-08-05 20:37:09 -0700


Started GET "/assets/application.js?body=1" for 127.0.0.1 at 2014-08-05 20:37:09 -0700


Started GET "/assets/turbolinks.js?body=1" for 127.0.0.1 at 2014-08-05 20:37:09 -0700


Started GET "/assets/scaffolds.css?body=1" for 127.0.0.1 at 2014-08-05 20:37:09 -0700


Started GET "/assets/jquery.js?body=1" for 127.0.0.1 at 2014-08-05 20:37:09 -0700


Started GET "/products" for 127.0.0.1 at 2014-08-05 20:37:10 -0700
Processing by ProductsController#index as HTML
  [1m[35mProduct Load (0.5ms)[0m  SELECT "products".* FROM "products"
  Rendered products/index.html.erb within layouts/application (3.1ms)
Completed 200 OK in 8ms (Views: 6.6ms | ActiveRecord: 0.5ms)
